<?xml version="1.0" encoding="UTF-8" ?>
<testsuite failures="0" time="0.051" errors="0" skipped="0" tests="8" name="com.intercom.intv.FlattenArrayTest">
  <properties>
[...]
</properties>
  <testcase time="0.002" classname="com.intercom.intv.FlattenArrayTest" name="testFlattenArrayWithEmptyArray"/>
  <testcase time="0" classname="com.intercom.intv.FlattenArrayTest" name="testFlattenArrayWithAllEmptyArray"/>
  <testcase time="0" classname="com.intercom.intv.FlattenArrayTest" name="testFlattenArrayIntAndStringArray"/>
  <testcase time="0" classname="com.intercom.intv.FlattenArrayTest" name="testFlattenArrayIntAndCharArray"/>
  <testcase time="0" classname="com.intercom.intv.FlattenArrayTest" name="testFlattenArrayIntAndDoubleArray"/>
  <testcase time="0" classname="com.intercom.intv.FlattenArrayTest" name="testFlattenArrayWithFirstElementEmptyArray"/>
  <testcase time="0" classname="com.intercom.intv.FlattenArrayTest" name="testFlattenArrayWithLastElementEmptyArray"/>
  <testcase time="0" classname="com.intercom.intv.FlattenArrayTest" name="testFlattenArrayHappyFlow"/>
</testsuite>